<?xml version="1.0" encoding="UTF-8"?>
<!-- Generated by org.testng.reporters.JUnitReportReporter -->
<testsuite skipped="0" hostname="Admin-PC" name="learning.BlueLagoon" tests="1" failures="0" timestamp="12 Oct 2019 10:13:33 GMT" time="9.387" errors="0">
  <testcase name="blueLag" time="9.387" classname="learning.BlueLagoon"/>
</testsuite> <!-- learning.BlueLagoon -->
